<?xml version="1.0" encoding="UTF-8"?>
<testng-results ignored="0" total="3" passed="3" failed="0" skipped="0">
  <reporter-output>
  </reporter-output>
  <suite started-at="2023-10-06T15:44:27 IST" name="Default suite" finished-at="2023-10-06T15:45:24 IST" duration-ms="56843">
    <groups>
    </groups>
    <test started-at="2023-10-06T15:44:27 IST" name="Default test" finished-at="2023-10-06T15:45:24 IST" duration-ms="56843">
      <class name="TestNG.DataProviders">
        <test-method signature="demo(java.lang.String,java.lang.String)[pri:0, instance:TestNG.DataProviders@7c7b252e]" started-at="2023-10-06T15:44:27 IST" name="demo" data-provider="getData" finished-at="2023-10-06T15:45:16 IST" duration-ms="48273" status="PASS">
          <params>
            <param index="0">
              <value>
                <![CDATA[sasi]]>
              </value>
            </param>
            <param index="1">
              <value>
                <![CDATA[kala]]>
              </value>
            </param>
          </params>
          <reporter-output>
          </reporter-output>
        </test-method> <!-- demo -->
        <test-method signature="demo(java.lang.String,java.lang.String)[pri:0, instance:TestNG.DataProviders@7c7b252e]" started-at="2023-10-06T15:45:16 IST" name="demo" data-provider="getData" finished-at="2023-10-06T15:45:20 IST" duration-ms="4178" status="PASS">
          <params>
            <param index="0">
              <value>
                <![CDATA[java]]>
              </value>
            </param>
            <param index="1">
              <value>
                <![CDATA[selenium]]>
              </value>
            </param>
          </params>
          <reporter-output>
          </reporter-output>
        </test-method> <!-- demo -->
        <test-method signature="demo(java.lang.String,java.lang.String)[pri:0, instance:TestNG.DataProviders@7c7b252e]" started-at="2023-10-06T15:45:20 IST" name="demo" data-provider="getData" finished-at="2023-10-06T15:45:24 IST" duration-ms="4334" status="PASS">
          <params>
            <param index="0">
              <value>
                <![CDATA[Qspider]]>
              </value>
            </param>
            <param index="1">
              <value>
                <![CDATA[trainer]]>
              </value>
            </param>
          </params>
          <reporter-output>
          </reporter-output>
        </test-method> <!-- demo -->
      </class> <!-- TestNG.DataProviders -->
    </test> <!-- Default test -->
  </suite> <!-- Default suite -->
</testng-results>
